[debug] [2024-08-13T06:45:26.150Z] ----------------------------------------------------------------------
[debug] [2024-08-13T06:45:26.154Z] Command:       C:\Program Files\nodejs\node.exe C:\Users\Hardik\AppData\Roaming\npm\node_modules\firebase-tools\lib\bin\firebase.js init
[debug] [2024-08-13T06:45:26.154Z] CLI Version:   13.15.0
[debug] [2024-08-13T06:45:26.155Z] Platform:      win32
[debug] [2024-08-13T06:45:26.155Z] Node Version:  v20.11.0
[debug] [2024-08-13T06:45:26.155Z] Time:          Tue Aug 13 2024 12:15:26 GMT+0530 (India Standard Time)
[debug] [2024-08-13T06:45:26.155Z] ----------------------------------------------------------------------
[debug] 
[debug] [2024-08-13T06:45:26.159Z] >>> [apiv2][query] GET https://firebase-public.firebaseio.com/cli.json [none]
[debug] [2024-08-13T06:45:26.278Z] > command requires scopes: ["email","openid","https://www.googleapis.com/auth/cloudplatformprojects.readonly","https://www.googleapis.com/auth/firebase","https://www.googleapis.com/auth/cloud-platform"]
[debug] [2024-08-13T06:45:26.278Z] > authorizing via signed-in user (daunderiyahardik@gmail.com)
[info] 
     ######## #### ########  ######## ########     ###     ######  ########
     ##        ##  ##     ## ##       ##     ##  ##   ##  ##       ##
     ######    ##  ########  ######   ########  #########  ######  ######
     ##        ##  ##    ##  ##       ##     ## ##     ##       ## ##
     ##       #### ##     ## ######## ########  ##     ##  ######  ########

You're about to initialize a Firebase project in this directory:

  C:\Users\Hardik\New-folder\My Projects\REACT projects\NetflixGPT\netflix-gpt

Before we get started, keep in mind:

  * You are initializing within an existing Firebase project directory

[debug] [2024-08-13T06:45:27.356Z] <<< [apiv2][status] GET https://firebase-public.firebaseio.com/cli.json 200
[debug] [2024-08-13T06:45:27.357Z] <<< [apiv2][body] GET https://firebase-public.firebaseio.com/cli.json {"cloudBuildErrorAfter":1594252800000,"cloudBuildWarnAfter":1590019200000,"defaultNode10After":1594252800000,"minVersion":"3.0.5","node8DeploysDisabledAfter":1613390400000,"node8RuntimeDisabledAfter":1615809600000,"node8WarnAfter":1600128000000}
